{"/Users/i.batura/Projects/mine/zoom-transcript-to-md/src/main.ts": {"path":"/Users/i.batura/Projects/mine/zoom-transcript-to-md/src/main.ts","statementMap":{"0":{"start":{"line":11,"column":2},"end":{"line":11,"column":null}},"1":{"start":{"line":13,"column":2},"end":{"line":13,"column":null}},"2":{"start":{"line":15,"column":2},"end":{"line":15,"column":null}},"3":{"start":{"line":17,"column":2},"end":{"line":21,"column":null}},"4":{"start":{"line":19,"column":4},"end":{"line":19,"column":null}},"5":{"start":{"line":28,"column":2},"end":{"line":28,"column":null}},"6":{"start":{"line":32,"column":2},"end":{"line":32,"column":null}},"7":{"start":{"line":36,"column":2},"end":{"line":36,"column":null}},"8":{"start":{"line":36,"column":41},"end":{"line":36,"column":null}},"9":{"start":{"line":38,"column":2},"end":{"line":38,"column":null}},"10":{"start":{"line":38,"column":40},"end":{"line":38,"column":null}},"11":{"start":{"line":40,"column":15},"end":{"line":40,"column":null}},"12":{"start":{"line":42,"column":2},"end":{"line":42,"column":null}},"13":{"start":{"line":42,"column":66},"end":{"line":42,"column":null}},"14":{"start":{"line":44,"column":16},"end":{"line":44,"column":49}},"15":{"start":{"line":45,"column":2},"end":{"line":49,"column":null}},"16":{"start":{"line":46,"column":9},"end":{"line":46,"column":null}},"17":{"start":{"line":47,"column":9},"end":{"line":47,"column":50}},"18":{"start":{"line":48,"column":3},"end":{"line":49,"column":null}},"19":{"start":{"line":49,"column":4},"end":{"line":49,"column":null}},"20":{"start":{"line":53,"column":2},"end":{"line":53,"column":null}},"21":{"start":{"line":55,"column":2},"end":{"line":60,"column":null}},"22":{"start":{"line":56,"column":3},"end":{"line":60,"column":null}},"23":{"start":{"line":57,"column":4},"end":{"line":57,"column":null}},"24":{"start":{"line":59,"column":4},"end":{"line":59,"column":null}},"25":{"start":{"line":60,"column":4},"end":{"line":60,"column":null}}},"fnMap":{"0":{"name":"(anonymous_0)","decl":{"start":{"line":10,"column":7},"end":{"line":10,"column":16}},"loc":{"start":{"line":10,"column":16},"end":{"line":21,"column":null}},"line":10},"1":{"name":"(anonymous_1)","decl":{"start":{"line":18,"column":31},"end":{"line":18,"column":38}},"loc":{"start":{"line":18,"column":55},"end":{"line":20,"column":null}},"line":18},"2":{"name":"(anonymous_2)","decl":{"start":{"line":24,"column":1},"end":{"line":24,"column":12}},"loc":{"start":{"line":24,"column":12},"end":{"line":24,"column":null}},"line":24},"3":{"name":"(anonymous_3)","decl":{"start":{"line":27,"column":7},"end":{"line":27,"column":22}},"loc":{"start":{"line":27,"column":22},"end":{"line":28,"column":null}},"line":27},"4":{"name":"(anonymous_4)","decl":{"start":{"line":31,"column":7},"end":{"line":31,"column":22}},"loc":{"start":{"line":31,"column":22},"end":{"line":32,"column":null}},"line":31},"5":{"name":"(anonymous_5)","decl":{"start":{"line":35,"column":15},"end":{"line":35,"column":32}},"loc":{"start":{"line":35,"column":61},"end":{"line":60,"column":null}},"line":35}},"branchMap":{"0":{"loc":{"start":{"line":36,"column":2},"end":{"line":36,"column":null}},"type":"if","locations":[{"start":{"line":36,"column":2},"end":{"line":36,"column":null}},{"start":{},"end":{}}],"line":36},"1":{"loc":{"start":{"line":38,"column":2},"end":{"line":38,"column":null}},"type":"if","locations":[{"start":{"line":38,"column":2},"end":{"line":38,"column":null}},{"start":{},"end":{}}],"line":38},"2":{"loc":{"start":{"line":42,"column":2},"end":{"line":42,"column":null}},"type":"if","locations":[{"start":{"line":42,"column":2},"end":{"line":42,"column":null}},{"start":{},"end":{}}],"line":42},"3":{"loc":{"start":{"line":42,"column":6},"end":{"line":42,"column":64}},"type":"binary-expr","locations":[{"start":{"line":42,"column":6},"end":{"line":42,"column":33}},{"start":{"line":42,"column":37},"end":{"line":42,"column":64}}],"line":42},"4":{"loc":{"start":{"line":45,"column":2},"end":{"line":49,"column":null}},"type":"if","locations":[{"start":{"line":45,"column":2},"end":{"line":49,"column":null}},{"start":{},"end":{}}],"line":45},"5":{"loc":{"start":{"line":48,"column":3},"end":{"line":49,"column":null}},"type":"if","locations":[{"start":{"line":48,"column":3},"end":{"line":49,"column":null}},{"start":{},"end":{}}],"line":48},"6":{"loc":{"start":{"line":55,"column":2},"end":{"line":60,"column":null}},"type":"if","locations":[{"start":{"line":55,"column":2},"end":{"line":60,"column":null}},{"start":{},"end":{}}],"line":55}},"s":{"0":0,"1":0,"2":0,"3":0,"4":0,"5":7,"6":1,"7":6,"8":1,"9":5,"10":1,"11":4,"12":4,"13":1,"14":3,"15":6,"16":3,"17":3,"18":3,"19":1,"20":2,"21":2,"22":1,"23":1,"24":0,"25":0},"f":{"0":0,"1":0,"2":0,"3":7,"4":1,"5":6},"b":{"0":[1,5],"1":[1,4],"2":[1,3],"3":[4,1],"4":[3,3],"5":[1,2],"6":[1,1]},"meta":{"lastBranch":7,"lastFunction":6,"lastStatement":26,"seen":{"f:10:7:10:16":0,"s:11:2:11:Infinity":0,"s:13:2:13:Infinity":1,"s:15:2:15:Infinity":2,"s:17:2:21:Infinity":3,"f:18:31:18:38":1,"s:19:4:19:Infinity":4,"f:24:1:24:12":2,"f:27:7:27:22":3,"s:28:2:28:Infinity":5,"f:31:7:31:22":4,"s:32:2:32:Infinity":6,"f:35:15:35:32":5,"b:36:2:36:Infinity:undefined:undefined:undefined:undefined":0,"s:36:2:36:Infinity":7,"s:36:41:36:Infinity":8,"b:38:2:38:Infinity:undefined:undefined:undefined:undefined":1,"s:38:2:38:Infinity":9,"s:38:40:38:Infinity":10,"s:40:15:40:Infinity":11,"b:42:2:42:Infinity:undefined:undefined:undefined:undefined":2,"s:42:2:42:Infinity":12,"b:42:6:42:33:42:37:42:64":3,"s:42:66:42:Infinity":13,"s:44:16:44:49":14,"b:45:2:49:Infinity:undefined:undefined:undefined:undefined":4,"s:45:2:49:Infinity":15,"s:46:9:46:Infinity":16,"s:47:9:47:50":17,"b:48:3:49:Infinity:undefined:undefined:undefined:undefined":5,"s:48:3:49:Infinity":18,"s:49:4:49:Infinity":19,"s:53:2:53:Infinity":20,"b:55:2:60:Infinity:undefined:undefined:undefined:undefined":6,"s:55:2:60:Infinity":21,"s:56:3:60:Infinity":22,"s:57:4:57:Infinity":23,"s:59:4:59:Infinity":24,"s:60:4:60:Infinity":25}}}
,"/Users/i.batura/Projects/mine/zoom-transcript-to-md/src/settings.ts": {"path":"/Users/i.batura/Projects/mine/zoom-transcript-to-md/src/settings.ts","statementMap":{"0":{"start":{"line":3,"column":58},"end":{"line":9,"column":null}}},"fnMap":{},"branchMap":{},"s":{"0":1},"f":{},"b":{},"meta":{"lastBranch":0,"lastFunction":0,"lastStatement":1,"seen":{"s:3:58:9:Infinity":0}}}
,"/Users/i.batura/Projects/mine/zoom-transcript-to-md/src/commands/convertTranscript.ts": {"path":"/Users/i.batura/Projects/mine/zoom-transcript-to-md/src/commands/convertTranscript.ts","statementMap":{"0":{"start":{"line":6,"column":4},"end":{"line":7,"column":null}},"1":{"start":{"line":7,"column":8},"end":{"line":7,"column":null}},"2":{"start":{"line":10,"column":19},"end":{"line":12,"column":null}},"3":{"start":{"line":15,"column":4},"end":{"line":16,"column":null}},"4":{"start":{"line":16,"column":8},"end":{"line":16,"column":null}},"5":{"start":{"line":19,"column":4},"end":{"line":21,"column":null}},"6":{"start":{"line":21,"column":33},"end":{"line":21,"column":48}},"7":{"start":{"line":25,"column":1},"end":{"line":38,"column":null}},"8":{"start":{"line":29,"column":16},"end":{"line":29,"column":52}},"9":{"start":{"line":30,"column":3},"end":{"line":34,"column":null}},"10":{"start":{"line":31,"column":4},"end":{"line":32,"column":null}},"11":{"start":{"line":32,"column":5},"end":{"line":32,"column":null}},"12":{"start":{"line":34,"column":4},"end":{"line":34,"column":null}},"13":{"start":{"line":36,"column":3},"end":{"line":36,"column":null}},"14":{"start":{"line":42,"column":1},"end":{"line":106,"column":null}},"15":{"start":{"line":43,"column":18},"end":{"line":43,"column":51}},"16":{"start":{"line":44,"column":18},"end":{"line":44,"column":null}},"17":{"start":{"line":46,"column":21},"end":{"line":46,"column":null}},"18":{"start":{"line":47,"column":27},"end":{"line":47,"column":null}},"19":{"start":{"line":49,"column":2},"end":{"line":52,"column":null}},"20":{"start":{"line":50,"column":3},"end":{"line":50,"column":null}},"21":{"start":{"line":51,"column":13},"end":{"line":52,"column":null}},"22":{"start":{"line":52,"column":3},"end":{"line":52,"column":null}},"23":{"start":{"line":56,"column":17},"end":{"line":56,"column":null}},"24":{"start":{"line":57,"column":22},"end":{"line":57,"column":54}},"25":{"start":{"line":58,"column":8},"end":{"line":58,"column":63}},"26":{"start":{"line":60,"column":20},"end":{"line":60,"column":null}},"27":{"start":{"line":62,"column":8},"end":{"line":62,"column":51}},"28":{"start":{"line":63,"column":2},"end":{"line":64,"column":null}},"29":{"start":{"line":64,"column":3},"end":{"line":64,"column":null}},"30":{"start":{"line":67,"column":8},"end":{"line":67,"column":59}},"31":{"start":{"line":68,"column":2},"end":{"line":71,"column":null}},"32":{"start":{"line":69,"column":3},"end":{"line":69,"column":null}},"33":{"start":{"line":70,"column":3},"end":{"line":71,"column":null}},"34":{"start":{"line":71,"column":4},"end":{"line":71,"column":null}},"35":{"start":{"line":75,"column":2},"end":{"line":75,"column":null}},"36":{"start":{"line":78,"column":19},"end":{"line":78,"column":null}},"37":{"start":{"line":79,"column":2},"end":{"line":79,"column":null}},"38":{"start":{"line":81,"column":8},"end":{"line":81,"column":64}},"39":{"start":{"line":82,"column":15},"end":{"line":82,"column":65}},"40":{"start":{"line":84,"column":2},"end":{"line":86,"column":null}},"41":{"start":{"line":85,"column":3},"end":{"line":85,"column":null}},"42":{"start":{"line":86,"column":3},"end":{"line":86,"column":null}},"43":{"start":{"line":89,"column":2},"end":{"line":91,"column":null}},"44":{"start":{"line":90,"column":3},"end":{"line":90,"column":null}},"45":{"start":{"line":91,"column":3},"end":{"line":91,"column":null}},"46":{"start":{"line":94,"column":8},"end":{"line":94,"column":67}},"47":{"start":{"line":96,"column":21},"end":{"line":96,"column":72}},"48":{"start":{"line":97,"column":2},"end":{"line":102,"column":null}},"49":{"start":{"line":98,"column":3},"end":{"line":98,"column":null}},"50":{"start":{"line":99,"column":3},"end":{"line":99,"column":null}},"51":{"start":{"line":99,"column":19},"end":{"line":99,"column":null}},"52":{"start":{"line":101,"column":3},"end":{"line":101,"column":null}},"53":{"start":{"line":102,"column":3},"end":{"line":102,"column":null}},"54":{"start":{"line":102,"column":19},"end":{"line":102,"column":null}},"55":{"start":{"line":105,"column":2},"end":{"line":105,"column":null}},"56":{"start":{"line":106,"column":2},"end":{"line":106,"column":null}}},"fnMap":{"0":{"name":"deriveMeetingName","decl":{"start":{"line":5,"column":16},"end":{"line":5,"column":34}},"loc":{"start":{"line":5,"column":60},"end":{"line":21,"column":null}},"line":5},"1":{"name":"(anonymous_1)","decl":{"start":{"line":21,"column":17},"end":{"line":21,"column":27}},"loc":{"start":{"line":21,"column":33},"end":{"line":21,"column":48}},"line":21},"2":{"name":"registerConvertCommand","decl":{"start":{"line":24,"column":16},"end":{"line":24,"column":39}},"loc":{"start":{"line":24,"column":69},"end":{"line":38,"column":null}},"line":24},"3":{"name":"(anonymous_3)","decl":{"start":{"line":28,"column":2},"end":{"line":28,"column":18}},"loc":{"start":{"line":28,"column":40},"end":{"line":36,"column":null}},"line":28},"4":{"name":"convertTranscript","decl":{"start":{"line":41,"column":22},"end":{"line":41,"column":40}},"loc":{"start":{"line":41,"column":111},"end":{"line":106,"column":null}},"line":41}},"branchMap":{"0":{"loc":{"start":{"line":6,"column":4},"end":{"line":7,"column":null}},"type":"if","locations":[{"start":{"line":6,"column":4},"end":{"line":7,"column":null}},{"start":{},"end":{}}],"line":6},"1":{"loc":{"start":{"line":15,"column":4},"end":{"line":16,"column":null}},"type":"if","locations":[{"start":{"line":15,"column":4},"end":{"line":16,"column":null}},{"start":{},"end":{}}],"line":15},"2":{"loc":{"start":{"line":15,"column":8},"end":{"line":15,"column":46}},"type":"binary-expr","locations":[{"start":{"line":15,"column":8},"end":{"line":15,"column":21}},{"start":{"line":15,"column":21},"end":{"line":15,"column":46}}],"line":15},"3":{"loc":{"start":{"line":30,"column":3},"end":{"line":34,"column":null}},"type":"if","locations":[{"start":{"line":30,"column":3},"end":{"line":34,"column":null}},{"start":{},"end":{}}],"line":30},"4":{"loc":{"start":{"line":30,"column":7},"end":{"line":30,"column":71}},"type":"binary-expr","locations":[{"start":{"line":30,"column":7},"end":{"line":30,"column":16}},{"start":{"line":30,"column":16},"end":{"line":30,"column":44}},{"start":{"line":30,"column":44},"end":{"line":30,"column":71}}],"line":30},"5":{"loc":{"start":{"line":31,"column":4},"end":{"line":32,"column":null}},"type":"if","locations":[{"start":{"line":31,"column":4},"end":{"line":32,"column":null}},{"start":{},"end":{}}],"line":31},"6":{"loc":{"start":{"line":41,"column":83},"end":{"line":41,"column":111}},"type":"default-arg","locations":[{"start":{"line":41,"column":105},"end":{"line":41,"column":111}}],"line":41},"7":{"loc":{"start":{"line":49,"column":2},"end":{"line":52,"column":null}},"type":"if","locations":[{"start":{"line":49,"column":2},"end":{"line":52,"column":null}},{"start":{"line":51,"column":13},"end":{"line":52,"column":null}}],"line":49},"8":{"loc":{"start":{"line":51,"column":13},"end":{"line":52,"column":null}},"type":"if","locations":[{"start":{"line":51,"column":13},"end":{"line":52,"column":null}},{"start":{},"end":{}}],"line":51},"9":{"loc":{"start":{"line":56,"column":17},"end":{"line":56,"column":null}},"type":"cond-expr","locations":[{"start":{"line":56,"column":44},"end":{"line":56,"column":52}},{"start":{"line":56,"column":52},"end":{"line":56,"column":null}}],"line":56},"10":{"loc":{"start":{"line":63,"column":2},"end":{"line":64,"column":null}},"type":"if","locations":[{"start":{"line":63,"column":2},"end":{"line":64,"column":null}},{"start":{},"end":{}}],"line":63},"11":{"loc":{"start":{"line":68,"column":2},"end":{"line":71,"column":null}},"type":"if","locations":[{"start":{"line":68,"column":2},"end":{"line":71,"column":null}},{"start":{},"end":{}}],"line":68},"12":{"loc":{"start":{"line":84,"column":2},"end":{"line":86,"column":null}},"type":"if","locations":[{"start":{"line":84,"column":2},"end":{"line":86,"column":null}},{"start":{},"end":{}}],"line":84},"13":{"loc":{"start":{"line":89,"column":2},"end":{"line":91,"column":null}},"type":"if","locations":[{"start":{"line":89,"column":2},"end":{"line":91,"column":null}},{"start":{},"end":{}}],"line":89},"14":{"loc":{"start":{"line":97,"column":2},"end":{"line":102,"column":null}},"type":"if","locations":[{"start":{"line":97,"column":2},"end":{"line":102,"column":null}},{"start":{"line":100,"column":9},"end":{"line":102,"column":null}}],"line":97},"15":{"loc":{"start":{"line":99,"column":3},"end":{"line":99,"column":null}},"type":"if","locations":[{"start":{"line":99,"column":3},"end":{"line":99,"column":null}},{"start":{},"end":{}}],"line":99},"16":{"loc":{"start":{"line":102,"column":3},"end":{"line":102,"column":null}},"type":"if","locations":[{"start":{"line":102,"column":3},"end":{"line":102,"column":null}},{"start":{},"end":{}}],"line":102}},"s":{"0":17,"1":3,"2":14,"3":14,"4":5,"5":9,"6":15,"7":1,"8":2,"9":2,"10":1,"11":0,"12":1,"13":1,"14":4,"15":4,"16":3,"17":3,"18":3,"19":3,"20":2,"21":1,"22":1,"23":3,"24":4,"25":4,"26":4,"27":4,"28":4,"29":1,"30":3,"31":3,"32":1,"33":1,"34":1,"35":3,"36":3,"37":3,"38":3,"39":3,"40":3,"41":1,"42":1,"43":3,"44":1,"45":1,"46":2,"47":2,"48":2,"49":1,"50":1,"51":0,"52":1,"53":1,"54":0,"55":1,"56":1},"f":{"0":17,"1":15,"2":1,"3":2,"4":4},"b":{"0":[3,14],"1":[5,9],"2":[14,11],"3":[1,1],"4":[2,2,1],"5":[0,1],"6":[4],"7":[2,1],"8":[1,0],"9":[1,2],"10":[1,3],"11":[1,2],"12":[1,2],"13":[1,2],"14":[1,1],"15":[0,1],"16":[0,1]},"meta":{"lastBranch":17,"lastFunction":5,"lastStatement":57,"seen":{"f:5:16:5:34":0,"b:6:4:7:Infinity:undefined:undefined:undefined:undefined":0,"s:6:4:7:Infinity":0,"s:7:8:7:Infinity":1,"s:10:19:12:Infinity":2,"b:15:4:16:Infinity:undefined:undefined:undefined:undefined":1,"s:15:4:16:Infinity":3,"b:15:8:15:21:15:21:15:46":2,"s:16:8:16:Infinity":4,"s:19:4:21:Infinity":5,"f:21:17:21:27":1,"s:21:33:21:48":6,"f:24:16:24:39":2,"s:25:1:38:Infinity":7,"f:28:2:28:18":3,"s:29:16:29:52":8,"b:30:3:34:Infinity:undefined:undefined:undefined:undefined":3,"s:30:3:34:Infinity":9,"b:30:7:30:16:30:16:30:44:30:44:30:71":4,"b:31:4:32:Infinity:undefined:undefined:undefined:undefined":5,"s:31:4:32:Infinity":10,"s:32:5:32:Infinity":11,"s:34:4:34:Infinity":12,"s:36:3:36:Infinity":13,"f:41:22:41:40":4,"b:41:105:41:111":6,"s:42:1:106:Infinity":14,"s:43:18:43:51":15,"s:44:18:44:Infinity":16,"s:46:21:46:Infinity":17,"s:47:27:47:Infinity":18,"b:49:2:52:Infinity:51:13:52:Infinity":7,"s:49:2:52:Infinity":19,"s:50:3:50:Infinity":20,"b:51:13:52:Infinity:undefined:undefined:undefined:undefined":8,"s:51:13:52:Infinity":21,"s:52:3:52:Infinity":22,"s:56:17:56:Infinity":23,"b:56:44:56:52:56:52:56:Infinity":9,"s:57:22:57:54":24,"s:58:8:58:63":25,"s:60:20:60:Infinity":26,"s:62:8:62:51":27,"b:63:2:64:Infinity:undefined:undefined:undefined:undefined":10,"s:63:2:64:Infinity":28,"s:64:3:64:Infinity":29,"s:67:8:67:59":30,"b:68:2:71:Infinity:undefined:undefined:undefined:undefined":11,"s:68:2:71:Infinity":31,"s:69:3:69:Infinity":32,"s:70:3:71:Infinity":33,"s:71:4:71:Infinity":34,"s:75:2:75:Infinity":35,"s:78:19:78:Infinity":36,"s:79:2:79:Infinity":37,"s:81:8:81:64":38,"s:82:15:82:65":39,"b:84:2:86:Infinity:undefined:undefined:undefined:undefined":12,"s:84:2:86:Infinity":40,"s:85:3:85:Infinity":41,"s:86:3:86:Infinity":42,"b:89:2:91:Infinity:undefined:undefined:undefined:undefined":13,"s:89:2:91:Infinity":43,"s:90:3:90:Infinity":44,"s:91:3:91:Infinity":45,"s:94:8:94:67":46,"s:96:21:96:72":47,"b:97:2:102:Infinity:100:9:102:Infinity":14,"s:97:2:102:Infinity":48,"s:98:3:98:Infinity":49,"b:99:3:99:Infinity:undefined:undefined:undefined:undefined":15,"s:99:3:99:Infinity":50,"s:99:19:99:Infinity":51,"s:101:3:101:Infinity":52,"b:102:3:102:Infinity:undefined:undefined:undefined:undefined":16,"s:102:3:102:Infinity":53,"s:102:19:102:Infinity":54,"s:105:2:105:Infinity":55,"s:106:2:106:Infinity":56}}}
,"/Users/i.batura/Projects/mine/zoom-transcript-to-md/src/ui/settingsTab.ts": {"path":"/Users/i.batura/Projects/mine/zoom-transcript-to-md/src/ui/settingsTab.ts","statementMap":{"0":{"start":{"line":8,"column":2},"end":{"line":8,"column":null}},"1":{"start":{"line":9,"column":2},"end":{"line":9,"column":null}},"2":{"start":{"line":13,"column":26},"end":{"line":13,"column":null}},"3":{"start":{"line":15,"column":2},"end":{"line":15,"column":null}},"4":{"start":{"line":17,"column":2},"end":{"line":26,"column":null}},"5":{"start":{"line":20,"column":20},"end":{"line":26,"column":7}},"6":{"start":{"line":24,"column":5},"end":{"line":24,"column":null}},"7":{"start":{"line":25,"column":5},"end":{"line":25,"column":null}},"8":{"start":{"line":28,"column":2},"end":{"line":37,"column":null}},"9":{"start":{"line":31,"column":20},"end":{"line":37,"column":7}},"10":{"start":{"line":35,"column":5},"end":{"line":35,"column":null}},"11":{"start":{"line":36,"column":5},"end":{"line":36,"column":null}},"12":{"start":{"line":39,"column":2},"end":{"line":47,"column":null}},"13":{"start":{"line":42,"column":24},"end":{"line":47,"column":7}},"14":{"start":{"line":45,"column":5},"end":{"line":45,"column":null}},"15":{"start":{"line":46,"column":5},"end":{"line":46,"column":null}},"16":{"start":{"line":49,"column":2},"end":{"line":57,"column":null}},"17":{"start":{"line":52,"column":24},"end":{"line":57,"column":7}},"18":{"start":{"line":55,"column":5},"end":{"line":55,"column":null}},"19":{"start":{"line":56,"column":5},"end":{"line":56,"column":null}},"20":{"start":{"line":59,"column":2},"end":{"line":68,"column":null}},"21":{"start":{"line":62,"column":20},"end":{"line":68,"column":7}},"22":{"start":{"line":66,"column":5},"end":{"line":66,"column":null}},"23":{"start":{"line":67,"column":5},"end":{"line":67,"column":null}}},"fnMap":{"0":{"name":"(anonymous_0)","decl":{"start":{"line":7,"column":1},"end":{"line":7,"column":13}},"loc":{"start":{"line":7,"column":53},"end":{"line":9,"column":null}},"line":7},"1":{"name":"(anonymous_1)","decl":{"start":{"line":12,"column":1},"end":{"line":12,"column":17}},"loc":{"start":{"line":12,"column":17},"end":{"line":68,"column":null}},"line":12},"2":{"name":"(anonymous_2)","decl":{"start":{"line":20,"column":4},"end":{"line":20,"column":12}},"loc":{"start":{"line":20,"column":20},"end":{"line":26,"column":7}},"line":20},"3":{"name":"(anonymous_3)","decl":{"start":{"line":23,"column":14},"end":{"line":23,"column":21}},"loc":{"start":{"line":23,"column":31},"end":{"line":26,"column":7}},"line":23},"4":{"name":"(anonymous_4)","decl":{"start":{"line":31,"column":4},"end":{"line":31,"column":12}},"loc":{"start":{"line":31,"column":20},"end":{"line":37,"column":7}},"line":31},"5":{"name":"(anonymous_5)","decl":{"start":{"line":34,"column":14},"end":{"line":34,"column":21}},"loc":{"start":{"line":34,"column":31},"end":{"line":37,"column":7}},"line":34},"6":{"name":"(anonymous_6)","decl":{"start":{"line":42,"column":4},"end":{"line":42,"column":14}},"loc":{"start":{"line":42,"column":24},"end":{"line":47,"column":7}},"line":42},"7":{"name":"(anonymous_7)","decl":{"start":{"line":44,"column":14},"end":{"line":44,"column":21}},"loc":{"start":{"line":44,"column":31},"end":{"line":47,"column":7}},"line":44},"8":{"name":"(anonymous_8)","decl":{"start":{"line":52,"column":4},"end":{"line":52,"column":14}},"loc":{"start":{"line":52,"column":24},"end":{"line":57,"column":7}},"line":52},"9":{"name":"(anonymous_9)","decl":{"start":{"line":54,"column":14},"end":{"line":54,"column":21}},"loc":{"start":{"line":54,"column":31},"end":{"line":57,"column":7}},"line":54},"10":{"name":"(anonymous_10)","decl":{"start":{"line":62,"column":4},"end":{"line":62,"column":12}},"loc":{"start":{"line":62,"column":20},"end":{"line":68,"column":7}},"line":62},"11":{"name":"(anonymous_11)","decl":{"start":{"line":65,"column":14},"end":{"line":65,"column":21}},"loc":{"start":{"line":65,"column":31},"end":{"line":68,"column":7}},"line":65}},"branchMap":{},"s":{"0":0,"1":0,"2":0,"3":0,"4":0,"5":0,"6":0,"7":0,"8":0,"9":0,"10":0,"11":0,"12":0,"13":0,"14":0,"15":0,"16":0,"17":0,"18":0,"19":0,"20":0,"21":0,"22":0,"23":0},"f":{"0":0,"1":0,"2":0,"3":0,"4":0,"5":0,"6":0,"7":0,"8":0,"9":0,"10":0,"11":0},"b":{},"meta":{"lastBranch":0,"lastFunction":12,"lastStatement":24,"seen":{"f:7:1:7:13":0,"s:8:2:8:Infinity":0,"s:9:2:9:Infinity":1,"f:12:1:12:17":1,"s:13:26:13:Infinity":2,"s:15:2:15:Infinity":3,"s:17:2:26:Infinity":4,"f:20:4:20:12":2,"s:20:20:26:7":5,"f:23:14:23:21":3,"s:24:5:24:Infinity":6,"s:25:5:25:Infinity":7,"s:28:2:37:Infinity":8,"f:31:4:31:12":4,"s:31:20:37:7":9,"f:34:14:34:21":5,"s:35:5:35:Infinity":10,"s:36:5:36:Infinity":11,"s:39:2:47:Infinity":12,"f:42:4:42:14":6,"s:42:24:47:7":13,"f:44:14:44:21":7,"s:45:5:45:Infinity":14,"s:46:5:46:Infinity":15,"s:49:2:57:Infinity":16,"f:52:4:52:14":8,"s:52:24:57:7":17,"f:54:14:54:21":9,"s:55:5:55:Infinity":18,"s:56:5:56:Infinity":19,"s:59:2:68:Infinity":20,"f:62:4:62:12":10,"s:62:20:68:7":21,"f:65:14:65:21":11,"s:66:5:66:Infinity":22,"s:67:5:67:Infinity":23}}}
,"/Users/i.batura/Projects/mine/zoom-transcript-to-md/src/utils/converters.ts": {"path":"/Users/i.batura/Projects/mine/zoom-transcript-to-md/src/utils/converters.ts","statementMap":{"0":{"start":{"line":4,"column":21},"end":{"line":4,"column":38}},"1":{"start":{"line":5,"column":18},"end":{"line":5,"column":40}},"2":{"start":{"line":7,"column":4},"end":{"line":27,"column":null}},"3":{"start":{"line":8,"column":8},"end":{"line":11,"column":null}},"4":{"start":{"line":9,"column":26},"end":{"line":9,"column":77}},"5":{"start":{"line":10,"column":12},"end":{"line":11,"column":null}},"6":{"start":{"line":11,"column":16},"end":{"line":11,"column":null}},"7":{"start":{"line":15,"column":23},"end":{"line":15,"column":null}},"8":{"start":{"line":16,"column":8},"end":{"line":27,"column":null}},"9":{"start":{"line":17,"column":28},"end":{"line":17,"column":39}},"10":{"start":{"line":18,"column":12},"end":{"line":18,"column":null}},"11":{"start":{"line":18,"column":26},"end":{"line":18,"column":null}},"12":{"start":{"line":19,"column":12},"end":{"line":19,"column":null}},"13":{"start":{"line":19,"column":42},"end":{"line":19,"column":null}},"14":{"start":{"line":20,"column":12},"end":{"line":20,"column":null}},"15":{"start":{"line":20,"column":39},"end":{"line":20,"column":null}},"16":{"start":{"line":21,"column":12},"end":{"line":21,"column":null}},"17":{"start":{"line":21,"column":37},"end":{"line":21,"column":null}},"18":{"start":{"line":23,"column":26},"end":{"line":23,"column":52}},"19":{"start":{"line":24,"column":12},"end":{"line":27,"column":null}},"20":{"start":{"line":25,"column":29},"end":{"line":25,"column":44}},"21":{"start":{"line":26,"column":16},"end":{"line":27,"column":null}},"22":{"start":{"line":27,"column":20},"end":{"line":27,"column":null}},"23":{"start":{"line":33,"column":4},"end":{"line":33,"column":null}},"24":{"start":{"line":37,"column":18},"end":{"line":37,"column":40}},"25":{"start":{"line":39,"column":4},"end":{"line":60,"column":null}},"26":{"start":{"line":40,"column":32},"end":{"line":40,"column":34}},"27":{"start":{"line":41,"column":8},"end":{"line":47,"column":null}},"28":{"start":{"line":42,"column":26},"end":{"line":42,"column":81}},"29":{"start":{"line":43,"column":12},"end":{"line":47,"column":null}},"30":{"start":{"line":44,"column":29},"end":{"line":46,"column":51}},"31":{"start":{"line":47,"column":16},"end":{"line":47,"column":null}},"32":{"start":{"line":50,"column":8},"end":{"line":50,"column":null}},"33":{"start":{"line":50,"column":30},"end":{"line":50,"column":null}},"34":{"start":{"line":52,"column":22},"end":{"line":52,"column":null}},"35":{"start":{"line":53,"column":22},"end":{"line":53,"column":null}},"36":{"start":{"line":54,"column":19},"end":{"line":54,"column":null}},"37":{"start":{"line":55,"column":8},"end":{"line":55,"column":null}},"38":{"start":{"line":55,"column":22},"end":{"line":55,"column":null}},"39":{"start":{"line":57,"column":18},"end":{"line":57,"column":41}},"40":{"start":{"line":58,"column":18},"end":{"line":58,"column":48}},"41":{"start":{"line":59,"column":18},"end":{"line":59,"column":null}},"42":{"start":{"line":60,"column":8},"end":{"line":60,"column":null}},"43":{"start":{"line":63,"column":16},"end":{"line":63,"column":null}},"44":{"start":{"line":64,"column":4},"end":{"line":71,"column":null}},"45":{"start":{"line":65,"column":24},"end":{"line":65,"column":35}},"46":{"start":{"line":66,"column":26},"end":{"line":67,"column":null}},"47":{"start":{"line":69,"column":8},"end":{"line":71,"column":null}},"48":{"start":{"line":70,"column":23},"end":{"line":70,"column":55}},"49":{"start":{"line":71,"column":12},"end":{"line":71,"column":null}},"50":{"start":{"line":71,"column":28},"end":{"line":71,"column":null}},"51":{"start":{"line":75,"column":4},"end":{"line":75,"column":null}},"52":{"start":{"line":75,"column":21},"end":{"line":75,"column":null}},"53":{"start":{"line":77,"column":25},"end":{"line":77,"column":49}},"54":{"start":{"line":78,"column":14},"end":{"line":78,"column":45}},"55":{"start":{"line":79,"column":14},"end":{"line":79,"column":52}},"56":{"start":{"line":80,"column":14},"end":{"line":80,"column":null}},"57":{"start":{"line":81,"column":4},"end":{"line":81,"column":null}},"58":{"start":{"line":87,"column":18},"end":{"line":87,"column":40}},"59":{"start":{"line":88,"column":30},"end":{"line":88,"column":32}},"60":{"start":{"line":89,"column":10},"end":{"line":89,"column":68}},"61":{"start":{"line":91,"column":4},"end":{"line":101,"column":null}},"62":{"start":{"line":92,"column":24},"end":{"line":92,"column":35}},"63":{"start":{"line":93,"column":8},"end":{"line":93,"column":null}},"64":{"start":{"line":93,"column":28},"end":{"line":93,"column":null}},"65":{"start":{"line":95,"column":28},"end":{"line":95,"column":77}},"66":{"start":{"line":96,"column":8},"end":{"line":101,"column":null}},"67":{"start":{"line":97,"column":28},"end":{"line":97,"column":null}},"68":{"start":{"line":98,"column":25},"end":{"line":98,"column":null}},"69":{"start":{"line":99,"column":12},"end":{"line":99,"column":null}},"70":{"start":{"line":101,"column":12},"end":{"line":101,"column":null}},"71":{"start":{"line":105,"column":4},"end":{"line":105,"column":null}},"72":{"start":{"line":109,"column":18},"end":{"line":109,"column":36}},"73":{"start":{"line":110,"column":18},"end":{"line":110,"column":null}},"74":{"start":{"line":112,"column":4},"end":{"line":120,"column":null}},"75":{"start":{"line":113,"column":8},"end":{"line":113,"column":null}},"76":{"start":{"line":114,"column":8},"end":{"line":114,"column":null}},"77":{"start":{"line":115,"column":8},"end":{"line":115,"column":null}},"78":{"start":{"line":116,"column":15},"end":{"line":120,"column":null}},"79":{"start":{"line":117,"column":8},"end":{"line":117,"column":null}},"80":{"start":{"line":118,"column":8},"end":{"line":118,"column":null}},"81":{"start":{"line":119,"column":15},"end":{"line":120,"column":null}},"82":{"start":{"line":120,"column":8},"end":{"line":120,"column":null}},"83":{"start":{"line":123,"column":4},"end":{"line":123,"column":null}},"84":{"start":{"line":127,"column":18},"end":{"line":127,"column":40}},"85":{"start":{"line":129,"column":62},"end":{"line":129,"column":64}},"86":{"start":{"line":130,"column":66},"end":{"line":130,"column":null}},"87":{"start":{"line":132,"column":4},"end":{"line":152,"column":null}},"88":{"start":{"line":133,"column":24},"end":{"line":133,"column":35}},"89":{"start":{"line":134,"column":8},"end":{"line":134,"column":null}},"90":{"start":{"line":134,"column":22},"end":{"line":134,"column":null}},"91":{"start":{"line":136,"column":8},"end":{"line":136,"column":null}},"92":{"start":{"line":136,"column":38},"end":{"line":136,"column":null}},"93":{"start":{"line":137,"column":8},"end":{"line":137,"column":null}},"94":{"start":{"line":137,"column":35},"end":{"line":137,"column":null}},"95":{"start":{"line":140,"column":26},"end":{"line":140,"column":94}},"96":{"start":{"line":141,"column":8},"end":{"line":145,"column":null}},"97":{"start":{"line":142,"column":12},"end":{"line":142,"column":null}},"98":{"start":{"line":142,"column":52},"end":{"line":142,"column":null}},"99":{"start":{"line":143,"column":29},"end":{"line":143,"column":61}},"100":{"start":{"line":144,"column":12},"end":{"line":144,"column":null}},"101":{"start":{"line":145,"column":12},"end":{"line":145,"column":null}},"102":{"start":{"line":148,"column":8},"end":{"line":149,"column":null}},"103":{"start":{"line":149,"column":12},"end":{"line":149,"column":null}},"104":{"start":{"line":152,"column":8},"end":{"line":152,"column":null}},"105":{"start":{"line":155,"column":4},"end":{"line":155,"column":null}},"106":{"start":{"line":155,"column":44},"end":{"line":155,"column":null}},"107":{"start":{"line":157,"column":30},"end":{"line":157,"column":32}},"108":{"start":{"line":158,"column":4},"end":{"line":165,"column":null}},"109":{"start":{"line":159,"column":8},"end":{"line":159,"column":null}},"110":{"start":{"line":159,"column":37},"end":{"line":159,"column":null}},"111":{"start":{"line":160,"column":21},"end":{"line":160,"column":41}},"112":{"start":{"line":161,"column":8},"end":{"line":165,"column":null}},"113":{"start":{"line":162,"column":18},"end":{"line":162,"column":92}},"114":{"start":{"line":163,"column":12},"end":{"line":163,"column":null}},"115":{"start":{"line":165,"column":12},"end":{"line":165,"column":null}},"116":{"start":{"line":169,"column":4},"end":{"line":169,"column":null}}},"fnMap":{"0":{"name":"extractParticipants","decl":{"start":{"line":3,"column":16},"end":{"line":3,"column":36}},"loc":{"start":{"line":3,"column":86},"end":{"line":33,"column":null}},"line":3},"1":{"name":"extractDuration","decl":{"start":{"line":36,"column":16},"end":{"line":36,"column":32}},"loc":{"start":{"line":36,"column":87},"end":{"line":81,"column":null}},"line":36},"2":{"name":"convertTxtToMarkdown","decl":{"start":{"line":86,"column":16},"end":{"line":86,"column":37}},"loc":{"start":{"line":86,"column":109},"end":{"line":105,"column":null}},"line":86},"3":{"name":"parseVttTimeOffset","decl":{"start":{"line":108,"column":16},"end":{"line":108,"column":35}},"loc":{"start":{"line":108,"column":60},"end":{"line":123,"column":null}},"line":108},"4":{"name":"convertVttToMarkdown","decl":{"start":{"line":126,"column":16},"end":{"line":126,"column":37}},"loc":{"start":{"line":126,"column":108},"end":{"line":169,"column":null}},"line":126}},"branchMap":{"0":{"loc":{"start":{"line":7,"column":4},"end":{"line":27,"column":null}},"type":"if","locations":[{"start":{"line":7,"column":4},"end":{"line":27,"column":null}},{"start":{"line":14,"column":11},"end":{"line":27,"column":null}}],"line":7},"1":{"loc":{"start":{"line":10,"column":12},"end":{"line":11,"column":null}},"type":"if","locations":[{"start":{"line":10,"column":12},"end":{"line":11,"column":null}},{"start":{},"end":{}}],"line":10},"2":{"loc":{"start":{"line":10,"column":16},"end":{"line":10,"column":35}},"type":"binary-expr","locations":[{"start":{"line":10,"column":16},"end":{"line":10,"column":25}},{"start":{"line":10,"column":25},"end":{"line":10,"column":35}}],"line":10},"3":{"loc":{"start":{"line":18,"column":12},"end":{"line":18,"column":null}},"type":"if","locations":[{"start":{"line":18,"column":12},"end":{"line":18,"column":null}},{"start":{},"end":{}}],"line":18},"4":{"loc":{"start":{"line":19,"column":12},"end":{"line":19,"column":null}},"type":"if","locations":[{"start":{"line":19,"column":12},"end":{"line":19,"column":null}},{"start":{},"end":{}}],"line":19},"5":{"loc":{"start":{"line":20,"column":12},"end":{"line":20,"column":null}},"type":"if","locations":[{"start":{"line":20,"column":12},"end":{"line":20,"column":null}},{"start":{},"end":{}}],"line":20},"6":{"loc":{"start":{"line":21,"column":12},"end":{"line":21,"column":null}},"type":"if","locations":[{"start":{"line":21,"column":12},"end":{"line":21,"column":null}},{"start":{},"end":{}}],"line":21},"7":{"loc":{"start":{"line":24,"column":12},"end":{"line":27,"column":null}},"type":"if","locations":[{"start":{"line":24,"column":12},"end":{"line":27,"column":null}},{"start":{},"end":{}}],"line":24},"8":{"loc":{"start":{"line":24,"column":16},"end":{"line":24,"column":35}},"type":"binary-expr","locations":[{"start":{"line":24,"column":16},"end":{"line":24,"column":25}},{"start":{"line":24,"column":25},"end":{"line":24,"column":35}}],"line":24},"9":{"loc":{"start":{"line":26,"column":16},"end":{"line":27,"column":null}},"type":"if","locations":[{"start":{"line":26,"column":16},"end":{"line":27,"column":null}},{"start":{},"end":{}}],"line":26},"10":{"loc":{"start":{"line":26,"column":20},"end":{"line":26,"column":59}},"type":"binary-expr","locations":[{"start":{"line":26,"column":20},"end":{"line":26,"column":41}},{"start":{"line":26,"column":41},"end":{"line":26,"column":59}}],"line":26},"11":{"loc":{"start":{"line":39,"column":4},"end":{"line":60,"column":null}},"type":"if","locations":[{"start":{"line":39,"column":4},"end":{"line":60,"column":null}},{"start":{},"end":{}}],"line":39},"12":{"loc":{"start":{"line":43,"column":12},"end":{"line":47,"column":null}},"type":"if","locations":[{"start":{"line":43,"column":12},"end":{"line":47,"column":null}},{"start":{},"end":{}}],"line":43},"13":{"loc":{"start":{"line":43,"column":16},"end":{"line":43,"column":59}},"type":"binary-expr","locations":[{"start":{"line":43,"column":16},"end":{"line":43,"column":25}},{"start":{"line":43,"column":25},"end":{"line":43,"column":37}},{"start":{"line":43,"column":37},"end":{"line":43,"column":49}},{"start":{"line":43,"column":49},"end":{"line":43,"column":59}}],"line":43},"14":{"loc":{"start":{"line":50,"column":8},"end":{"line":50,"column":null}},"type":"if","locations":[{"start":{"line":50,"column":8},"end":{"line":50,"column":null}},{"start":{},"end":{}}],"line":50},"15":{"loc":{"start":{"line":55,"column":8},"end":{"line":55,"column":null}},"type":"if","locations":[{"start":{"line":55,"column":8},"end":{"line":55,"column":null}},{"start":{},"end":{}}],"line":55},"16":{"loc":{"start":{"line":69,"column":8},"end":{"line":71,"column":null}},"type":"if","locations":[{"start":{"line":69,"column":8},"end":{"line":71,"column":null}},{"start":{},"end":{}}],"line":69},"17":{"loc":{"start":{"line":69,"column":12},"end":{"line":69,"column":39}},"type":"binary-expr","locations":[{"start":{"line":69,"column":12},"end":{"line":69,"column":25}},{"start":{"line":69,"column":25},"end":{"line":69,"column":39}}],"line":69},"18":{"loc":{"start":{"line":71,"column":12},"end":{"line":71,"column":null}},"type":"if","locations":[{"start":{"line":71,"column":12},"end":{"line":71,"column":null}},{"start":{},"end":{}}],"line":71},"19":{"loc":{"start":{"line":75,"column":4},"end":{"line":75,"column":null}},"type":"if","locations":[{"start":{"line":75,"column":4},"end":{"line":75,"column":null}},{"start":{},"end":{}}],"line":75},"20":{"loc":{"start":{"line":93,"column":8},"end":{"line":93,"column":null}},"type":"if","locations":[{"start":{"line":93,"column":8},"end":{"line":93,"column":null}},{"start":{},"end":{}}],"line":93},"21":{"loc":{"start":{"line":96,"column":8},"end":{"line":101,"column":null}},"type":"if","locations":[{"start":{"line":96,"column":8},"end":{"line":101,"column":null}},{"start":{"line":100,"column":15},"end":{"line":101,"column":null}}],"line":96},"22":{"loc":{"start":{"line":112,"column":4},"end":{"line":120,"column":null}},"type":"if","locations":[{"start":{"line":112,"column":4},"end":{"line":120,"column":null}},{"start":{"line":116,"column":15},"end":{"line":120,"column":null}}],"line":112},"23":{"loc":{"start":{"line":113,"column":28},"end":{"line":113,"column":45}},"type":"binary-expr","locations":[{"start":{"line":113,"column":28},"end":{"line":113,"column":40}},{"start":{"line":113,"column":40},"end":{"line":113,"column":45}}],"line":113},"24":{"loc":{"start":{"line":114,"column":28},"end":{"line":114,"column":45}},"type":"binary-expr","locations":[{"start":{"line":114,"column":28},"end":{"line":114,"column":40}},{"start":{"line":114,"column":40},"end":{"line":114,"column":45}}],"line":114},"25":{"loc":{"start":{"line":115,"column":30},"end":{"line":115,"column":46}},"type":"binary-expr","locations":[{"start":{"line":115,"column":30},"end":{"line":115,"column":42}},{"start":{"line":115,"column":42},"end":{"line":115,"column":46}}],"line":115},"26":{"loc":{"start":{"line":116,"column":15},"end":{"line":120,"column":null}},"type":"if","locations":[{"start":{"line":116,"column":15},"end":{"line":120,"column":null}},{"start":{"line":119,"column":15},"end":{"line":120,"column":null}}],"line":116},"27":{"loc":{"start":{"line":117,"column":28},"end":{"line":117,"column":45}},"type":"binary-expr","locations":[{"start":{"line":117,"column":28},"end":{"line":117,"column":40}},{"start":{"line":117,"column":40},"end":{"line":117,"column":45}}],"line":117},"28":{"loc":{"start":{"line":118,"column":30},"end":{"line":118,"column":46}},"type":"binary-expr","locations":[{"start":{"line":118,"column":30},"end":{"line":118,"column":42}},{"start":{"line":118,"column":42},"end":{"line":118,"column":46}}],"line":118},"29":{"loc":{"start":{"line":119,"column":15},"end":{"line":120,"column":null}},"type":"if","locations":[{"start":{"line":119,"column":15},"end":{"line":120,"column":null}},{"start":{},"end":{}}],"line":119},"30":{"loc":{"start":{"line":119,"column":15},"end":{"line":119,"column":54}},"type":"binary-expr","locations":[{"start":{"line":119,"column":15},"end":{"line":119,"column":37}},{"start":{"line":119,"column":37},"end":{"line":119,"column":54}}],"line":119},"31":{"loc":{"start":{"line":120,"column":30},"end":{"line":120,"column":46}},"type":"binary-expr","locations":[{"start":{"line":120,"column":30},"end":{"line":120,"column":42}},{"start":{"line":120,"column":42},"end":{"line":120,"column":46}}],"line":120},"32":{"loc":{"start":{"line":134,"column":8},"end":{"line":134,"column":null}},"type":"if","locations":[{"start":{"line":134,"column":8},"end":{"line":134,"column":null}},{"start":{},"end":{}}],"line":134},"33":{"loc":{"start":{"line":136,"column":8},"end":{"line":136,"column":null}},"type":"if","locations":[{"start":{"line":136,"column":8},"end":{"line":136,"column":null}},{"start":{},"end":{}}],"line":136},"34":{"loc":{"start":{"line":137,"column":8},"end":{"line":137,"column":null}},"type":"if","locations":[{"start":{"line":137,"column":8},"end":{"line":137,"column":null}},{"start":{},"end":{}}],"line":137},"35":{"loc":{"start":{"line":141,"column":8},"end":{"line":145,"column":null}},"type":"if","locations":[{"start":{"line":141,"column":8},"end":{"line":145,"column":null}},{"start":{},"end":{}}],"line":141},"36":{"loc":{"start":{"line":141,"column":12},"end":{"line":141,"column":39}},"type":"binary-expr","locations":[{"start":{"line":141,"column":12},"end":{"line":141,"column":25}},{"start":{"line":141,"column":25},"end":{"line":141,"column":39}}],"line":141},"37":{"loc":{"start":{"line":142,"column":12},"end":{"line":142,"column":null}},"type":"if","locations":[{"start":{"line":142,"column":12},"end":{"line":142,"column":null}},{"start":{},"end":{}}],"line":142},"38":{"loc":{"start":{"line":142,"column":16},"end":{"line":142,"column":52}},"type":"binary-expr","locations":[{"start":{"line":142,"column":16},"end":{"line":142,"column":27}},{"start":{"line":142,"column":27},"end":{"line":142,"column":52}}],"line":142},"39":{"loc":{"start":{"line":148,"column":8},"end":{"line":149,"column":null}},"type":"if","locations":[{"start":{"line":148,"column":8},"end":{"line":149,"column":null}},{"start":{},"end":{}}],"line":148},"40":{"loc":{"start":{"line":155,"column":4},"end":{"line":155,"column":null}},"type":"if","locations":[{"start":{"line":155,"column":4},"end":{"line":155,"column":null}},{"start":{},"end":{}}],"line":155},"41":{"loc":{"start":{"line":155,"column":8},"end":{"line":155,"column":44}},"type":"binary-expr","locations":[{"start":{"line":155,"column":8},"end":{"line":155,"column":19}},{"start":{"line":155,"column":19},"end":{"line":155,"column":44}}],"line":155},"42":{"loc":{"start":{"line":159,"column":8},"end":{"line":159,"column":null}},"type":"if","locations":[{"start":{"line":159,"column":8},"end":{"line":159,"column":null}},{"start":{},"end":{}}],"line":159},"43":{"loc":{"start":{"line":161,"column":8},"end":{"line":165,"column":null}},"type":"if","locations":[{"start":{"line":161,"column":8},"end":{"line":165,"column":null}},{"start":{"line":164,"column":15},"end":{"line":165,"column":null}}],"line":161},"44":{"loc":{"start":{"line":161,"column":12},"end":{"line":161,"column":58}},"type":"binary-expr","locations":[{"start":{"line":161,"column":12},"end":{"line":161,"column":46}},{"start":{"line":161,"column":46},"end":{"line":161,"column":58}}],"line":161}},"s":{"0":9,"1":9,"2":9,"3":4,"4":12,"5":12,"6":4,"7":5,"8":5,"9":33,"10":33,"11":10,"12":23,"13":4,"14":19,"15":0,"16":19,"17":8,"18":11,"19":11,"20":9,"21":9,"22":4,"23":9,"24":8,"25":8,"26":5,"27":5,"28":19,"29":19,"30":7,"31":7,"32":5,"33":3,"34":2,"35":2,"36":2,"37":2,"38":1,"39":2,"40":2,"41":2,"42":2,"43":3,"44":3,"45":11,"46":11,"47":11,"48":3,"49":3,"50":3,"51":3,"52":1,"53":2,"54":2,"55":2,"56":2,"57":2,"58":4,"59":4,"60":4,"61":4,"62":9,"63":9,"64":2,"65":7,"66":7,"67":3,"68":3,"69":3,"70":4,"71":4,"72":11,"73":11,"74":11,"75":5,"76":5,"77":5,"78":6,"79":4,"80":4,"81":2,"82":1,"83":11,"84":3,"85":3,"86":3,"87":3,"88":21,"89":21,"90":6,"91":15,"92":3,"93":12,"94":3,"95":9,"96":9,"97":4,"98":1,"99":4,"100":4,"101":4,"102":5,"103":0,"104":5,"105":3,"106":3,"107":3,"108":3,"109":4,"110":0,"111":4,"112":4,"113":2,"114":2,"115":2,"116":3},"f":{"0":9,"1":8,"2":4,"3":11,"4":3},"b":{"0":[4,5],"1":[4,8],"2":[12,4],"3":[10,23],"4":[4,19],"5":[0,19],"6":[8,11],"7":[9,2],"8":[11,9],"9":[4,5],"10":[9,8],"11":[5,3],"12":[7,12],"13":[19,7,7,7],"14":[3,2],"15":[1,1],"16":[3,8],"17":[11,3],"18":[3,0],"19":[1,2],"20":[2,7],"21":[3,4],"22":[5,6],"23":[5,0],"24":[5,0],"25":[5,0],"26":[4,2],"27":[4,0],"28":[4,0],"29":[1,1],"30":[2,2],"31":[1,0],"32":[6,15],"33":[3,12],"34":[3,9],"35":[4,5],"36":[9,4],"37":[1,3],"38":[4,1],"39":[0,5],"40":[3,0],"41":[3,3],"42":[0,4],"43":[2,2],"44":[4,4]},"meta":{"lastBranch":45,"lastFunction":5,"lastStatement":117,"seen":{"f:3:16:3:36":0,"s:4:21:4:38":0,"s:5:18:5:40":1,"b:7:4:27:Infinity:14:11:27:Infinity":0,"s:7:4:27:Infinity":2,"s:8:8:11:Infinity":3,"s:9:26:9:77":4,"b:10:12:11:Infinity:undefined:undefined:undefined:undefined":1,"s:10:12:11:Infinity":5,"b:10:16:10:25:10:25:10:35":2,"s:11:16:11:Infinity":6,"s:15:23:15:Infinity":7,"s:16:8:27:Infinity":8,"s:17:28:17:39":9,"b:18:12:18:Infinity:undefined:undefined:undefined:undefined":3,"s:18:12:18:Infinity":10,"s:18:26:18:Infinity":11,"b:19:12:19:Infinity:undefined:undefined:undefined:undefined":4,"s:19:12:19:Infinity":12,"s:19:42:19:Infinity":13,"b:20:12:20:Infinity:undefined:undefined:undefined:undefined":5,"s:20:12:20:Infinity":14,"s:20:39:20:Infinity":15,"b:21:12:21:Infinity:undefined:undefined:undefined:undefined":6,"s:21:12:21:Infinity":16,"s:21:37:21:Infinity":17,"s:23:26:23:52":18,"b:24:12:27:Infinity:undefined:undefined:undefined:undefined":7,"s:24:12:27:Infinity":19,"b:24:16:24:25:24:25:24:35":8,"s:25:29:25:44":20,"b:26:16:27:Infinity:undefined:undefined:undefined:undefined":9,"s:26:16:27:Infinity":21,"b:26:20:26:41:26:41:26:59":10,"s:27:20:27:Infinity":22,"s:33:4:33:Infinity":23,"f:36:16:36:32":1,"s:37:18:37:40":24,"b:39:4:60:Infinity:undefined:undefined:undefined:undefined":11,"s:39:4:60:Infinity":25,"s:40:32:40:34":26,"s:41:8:47:Infinity":27,"s:42:26:42:81":28,"b:43:12:47:Infinity:undefined:undefined:undefined:undefined":12,"s:43:12:47:Infinity":29,"b:43:16:43:25:43:25:43:37:43:37:43:49:43:49:43:59":13,"s:44:29:46:51":30,"s:47:16:47:Infinity":31,"b:50:8:50:Infinity:undefined:undefined:undefined:undefined":14,"s:50:8:50:Infinity":32,"s:50:30:50:Infinity":33,"s:52:22:52:Infinity":34,"s:53:22:53:Infinity":35,"s:54:19:54:Infinity":36,"b:55:8:55:Infinity:undefined:undefined:undefined:undefined":15,"s:55:8:55:Infinity":37,"s:55:22:55:Infinity":38,"s:57:18:57:41":39,"s:58:18:58:48":40,"s:59:18:59:Infinity":41,"s:60:8:60:Infinity":42,"s:63:16:63:Infinity":43,"s:64:4:71:Infinity":44,"s:65:24:65:35":45,"s:66:26:67:Infinity":46,"b:69:8:71:Infinity:undefined:undefined:undefined:undefined":16,"s:69:8:71:Infinity":47,"b:69:12:69:25:69:25:69:39":17,"s:70:23:70:55":48,"b:71:12:71:Infinity:undefined:undefined:undefined:undefined":18,"s:71:12:71:Infinity":49,"s:71:28:71:Infinity":50,"b:75:4:75:Infinity:undefined:undefined:undefined:undefined":19,"s:75:4:75:Infinity":51,"s:75:21:75:Infinity":52,"s:77:25:77:49":53,"s:78:14:78:45":54,"s:79:14:79:52":55,"s:80:14:80:Infinity":56,"s:81:4:81:Infinity":57,"f:86:16:86:37":2,"s:87:18:87:40":58,"s:88:30:88:32":59,"s:89:10:89:68":60,"s:91:4:101:Infinity":61,"s:92:24:92:35":62,"b:93:8:93:Infinity:undefined:undefined:undefined:undefined":20,"s:93:8:93:Infinity":63,"s:93:28:93:Infinity":64,"s:95:28:95:77":65,"b:96:8:101:Infinity:100:15:101:Infinity":21,"s:96:8:101:Infinity":66,"s:97:28:97:Infinity":67,"s:98:25:98:Infinity":68,"s:99:12:99:Infinity":69,"s:101:12:101:Infinity":70,"s:105:4:105:Infinity":71,"f:108:16:108:35":3,"s:109:18:109:36":72,"s:110:18:110:Infinity":73,"b:112:4:120:Infinity:116:15:120:Infinity":22,"s:112:4:120:Infinity":74,"s:113:8:113:Infinity":75,"b:113:28:113:40:113:40:113:45":23,"s:114:8:114:Infinity":76,"b:114:28:114:40:114:40:114:45":24,"s:115:8:115:Infinity":77,"b:115:30:115:42:115:42:115:46":25,"b:116:15:120:Infinity:119:15:120:Infinity":26,"s:116:15:120:Infinity":78,"s:117:8:117:Infinity":79,"b:117:28:117:40:117:40:117:45":27,"s:118:8:118:Infinity":80,"b:118:30:118:42:118:42:118:46":28,"b:119:15:120:Infinity:undefined:undefined:undefined:undefined":29,"s:119:15:120:Infinity":81,"b:119:15:119:37:119:37:119:54":30,"s:120:8:120:Infinity":82,"b:120:30:120:42:120:42:120:46":31,"s:123:4:123:Infinity":83,"f:126:16:126:37":4,"s:127:18:127:40":84,"s:129:62:129:64":85,"s:130:66:130:Infinity":86,"s:132:4:152:Infinity":87,"s:133:24:133:35":88,"b:134:8:134:Infinity:undefined:undefined:undefined:undefined":32,"s:134:8:134:Infinity":89,"s:134:22:134:Infinity":90,"b:136:8:136:Infinity:undefined:undefined:undefined:undefined":33,"s:136:8:136:Infinity":91,"s:136:38:136:Infinity":92,"b:137:8:137:Infinity:undefined:undefined:undefined:undefined":34,"s:137:8:137:Infinity":93,"s:137:35:137:Infinity":94,"s:140:26:140:94":95,"b:141:8:145:Infinity:undefined:undefined:undefined:undefined":35,"s:141:8:145:Infinity":96,"b:141:12:141:25:141:25:141:39":36,"b:142:12:142:Infinity:undefined:undefined:undefined:undefined":37,"s:142:12:142:Infinity":97,"b:142:16:142:27:142:27:142:52":38,"s:142:52:142:Infinity":98,"s:143:29:143:61":99,"s:144:12:144:Infinity":100,"s:145:12:145:Infinity":101,"b:148:8:149:Infinity:undefined:undefined:undefined:undefined":39,"s:148:8:149:Infinity":102,"s:149:12:149:Infinity":103,"s:152:8:152:Infinity":104,"b:155:4:155:Infinity:undefined:undefined:undefined:undefined":40,"s:155:4:155:Infinity":105,"b:155:8:155:19:155:19:155:44":41,"s:155:44:155:Infinity":106,"s:157:30:157:32":107,"s:158:4:165:Infinity":108,"b:159:8:159:Infinity:undefined:undefined:undefined:undefined":42,"s:159:8:159:Infinity":109,"s:159:37:159:Infinity":110,"s:160:21:160:41":111,"b:161:8:165:Infinity:164:15:165:Infinity":43,"s:161:8:165:Infinity":112,"b:161:12:161:46:161:46:161:58":44,"s:162:18:162:92":113,"s:163:12:163:Infinity":114,"s:165:12:165:Infinity":115,"s:169:4:169:Infinity":116}}}
}
